Compiling build :app to "target/cljsbuild/public/js/app.js" from ["src/cljs" "src/cljc" "env/dev/cljs"]...
[31mFailed to compile build :app from ["src/cljs" "src/cljc" "env/dev/cljs"] in 2.119 seconds.[0m
[36m----  Could not Analyze  src/cljs/npuzzle/core.cljs   line:84  column:3  ----[0m

  [1mUnable to resolve var: page in this context at line 84 /Users/duminda/dev/personal/all-puzzles/npuzzle/src/cljs/npuzzle/core.cljs[0m

  [36m82[0m  [36m(defn mount-components [][0m
  [36m83[0m  [36m  (rf/clear-subscription-cache!)[0m
  [33m84[0m  [1m  (r/render [#'page] (.getElementById js/document "app")))[0m
  [0m  [0m  [33m  ^--- Unable to resolve var: page in this context at line 84 /Users/duminda/dev/personal/all-puzzles/npuzzle/src/cljs/npuzzle/core.cljs[0m
  [36m85[0m  [36m[0m
  [36m86[0m  [36m(defn init! [][0m
  [36m87[0m  [36m  (rf/dispatch-sync [:initialize-db])[0m

[36m----  Analysis Error : Please see src/cljs/npuzzle/core.cljs  ----[0m
Compiling build :app to "target/cljsbuild/public/js/app.js" from ["src/cljs" "src/cljc" "env/dev/cljs"]...
[31mFailed to compile build :app from ["src/cljs" "src/cljc" "env/dev/cljs"] in 2.374 seconds.[0m
[36m----  Could not Analyze  src/cljs/npuzzle/core.cljs   line:84  column:3  ----[0m

  [1mUnable to resolve var: page in this context at line 84 /Users/duminda/dev/personal/all-puzzles/npuzzle/src/cljs/npuzzle/core.cljs[0m

  [36m82[0m  [36m(defn mount-components [][0m
  [36m83[0m  [36m  (rf/clear-subscription-cache!)[0m
  [33m84[0m  [1m  (r/render [#'page] (.getElementById js/document "app")))[0m
  [0m  [0m  [33m  ^--- Unable to resolve var: page in this context at line 84 /Users/duminda/dev/personal/all-puzzles/npuzzle/src/cljs/npuzzle/core.cljs[0m
  [36m85[0m  [36m[0m
  [36m86[0m  [36m(defn init! [][0m
  [36m87[0m  [36m  (rf/dispatch-sync [:initialize-db])[0m

[36m----  Analysis Error : Please see src/cljs/npuzzle/core.cljs  ----[0m
Compiling build :app to "target/cljsbuild/public/js/app.js" from ["src/cljs" "src/cljc" "env/dev/cljs"]...
[31mFailed to compile build :app from ["src/cljs" "src/cljc" "env/dev/cljs"] in 1.508 seconds.[0m
[36m----  Could not Analyze  src/cljs/npuzzle/core.cljs   line:84  column:3  ----[0m

  [1mUnable to resolve var: page in this context at line 84 /Users/duminda/dev/personal/all-puzzles/npuzzle/src/cljs/npuzzle/core.cljs[0m

  [36m82[0m  [36m(defn mount-components [][0m
  [36m83[0m  [36m  (rf/clear-subscription-cache!)[0m
  [33m84[0m  [1m  (r/render [#'page] (.getElementById js/document "app")))[0m
  [0m  [0m  [33m  ^--- Unable to resolve var: page in this context at line 84 /Users/duminda/dev/personal/all-puzzles/npuzzle/src/cljs/npuzzle/core.cljs[0m
  [36m85[0m  [36m[0m
  [36m86[0m  [36m(defn init! [][0m
  [36m87[0m  [36m  (rf/dispatch-sync [:initialize-db])[0m

[36m----  Analysis Error : Please see src/cljs/npuzzle/core.cljs  ----[0m
Compiling build :app to "target/cljsbuild/public/js/app.js" from ["src/cljs" "src/cljc" "env/dev/cljs"]...
[36m----  Compiler Warning on   src/cljs/npuzzle/events.cljs   line:8  column:6  ----[0m

  [1mUse of undeclared Var npuzzle.db/create-db[0m

  [36m 5[0m  [36m(re-frame/reg-event-db[0m
  [36m 6[0m  [36m  ::initialize-db[0m
  [36m 7[0m  [36m  (fn  [_ _][0m
  [33m 8[0m  [1m    (db/create-db 3)))[0m
  [0m  [0m  [33m     ^--- Use of undeclared Var npuzzle.db/create-db[0m
  [36m 9[0m  [36m[0m
  [36m10[0m  [36m(re-frame/reg-event-db[0m
  [36m11[0m  [36m  ::move-piece[0m
  [36m12[0m  [36m  (fn [db [_ num]][0m
  [36m13[0m  [36m    (if (not= 0 num)[0m

[36m----  Compiler Warning : Please see src/cljs/npuzzle/events.cljs  ----[0m
[36m----  Compiler Warning on   src/cljs/npuzzle/events.cljs   line:15  column:28  ----[0m

  [1mUse of undeclared Var npuzzle.db/solved?[0m

  [36m11[0m  [36m  ::move-piece[0m
  [36m12[0m  [36m  (fn [db [_ num]][0m
  [36m13[0m  [36m    (if (not= 0 num)[0m
  [36m14[0m  [36m      (-> db[0m
  [33m15[0m  [1m          (assoc :solved? (db/solved? (:puzzle db)))[0m
  [0m  [0m  [33m                           ^--- Use of undeclared Var npuzzle.db/solved?[0m
  [36m16[0m  [36m          (assoc :puzzle (db/try-move (:puzzle db) num (:dim db))))[0m
  [36m17[0m  [36m      db)))[0m
  [36m18[0m  [36m[0m
  [36m19[0m  [36m(re-frame/reg-event-db[0m
  [36m20[0m  [36m  ::change-dimension[0m

[36m----  Compiler Warning : Please see src/cljs/npuzzle/events.cljs  ----[0m
[36m----  Compiler Warning on   src/cljs/npuzzle/events.cljs   line:16  column:27  ----[0m

  [1mUse of undeclared Var npuzzle.db/try-move[0m

  [36m12[0m  [36m  (fn [db [_ num]][0m
  [36m13[0m  [36m    (if (not= 0 num)[0m
  [36m14[0m  [36m      (-> db[0m
  [36m15[0m  [36m          (assoc :solved? (db/solved? (:puzzle db)))[0m
  [33m16[0m  [1m          (assoc :puzzle (db/try-move (:puzzle db) num (:dim db))))[0m
  [0m  [0m  [33m                          ^--- Use of undeclared Var npuzzle.db/try-move[0m
  [36m17[0m  [36m      db)))[0m
  [36m18[0m  [36m[0m
  [36m19[0m  [36m(re-frame/reg-event-db[0m
  [36m20[0m  [36m  ::change-dimension[0m
  [36m21[0m  [36m  (fn [db [_ dim]][0m

[36m----  Compiler Warning : Please see src/cljs/npuzzle/events.cljs  ----[0m
[36m----  Compiler Warning on   src/cljs/npuzzle/events.cljs   line:22  column:6  ----[0m

  [1mUse of undeclared Var npuzzle.db/create-db[0m

  [36m19[0m  [36m(re-frame/reg-event-db[0m
  [36m20[0m  [36m  ::change-dimension[0m
  [36m21[0m  [36m  (fn [db [_ dim]][0m
  [33m22[0m  [1m    (db/create-db dim)))[0m
  [0m  [0m  [33m     ^--- Use of undeclared Var npuzzle.db/create-db[0m
  [36m23[0m  [36m[0m
  [36m24[0m  [36m(re-frame/reg-event-db[0m
  [36m25[0m  [36m  ::shuffle[0m
  [36m26[0m  [36m  (fn [db [_ _]][0m
  [36m27[0m  [36m    (db/create-db (:dim db))))[0m

[36m----  Compiler Warning : Please see src/cljs/npuzzle/events.cljs  ----[0m
[36m----  Compiler Warning on   src/cljs/npuzzle/events.cljs   line:27  column:6  ----[0m

  [1mUse of undeclared Var npuzzle.db/create-db[0m

  [36m24[0m  [36m(re-frame/reg-event-db[0m
  [36m25[0m  [36m  ::shuffle[0m
  [36m26[0m  [36m  (fn [db [_ _]][0m
  [33m27[0m  [1m    (db/create-db (:dim db))))[0m
  [0m  [0m  [33m     ^--- Use of undeclared Var npuzzle.db/create-db[0m
  [36m28[0m  [36m[0m
  [36m29[0m  [36m(re-frame/reg-event-db[0m
  [36m30[0m  [36m  ::solve[0m
  [36m31[0m  [36m  (fn [db [_ _]][0m
  [36m32[0m  [36m    (assoc db :solution (db/solve (:puzzle db) (:dim db)))))[0m

[36m----  Compiler Warning : Please see src/cljs/npuzzle/events.cljs  ----[0m
[36m----  Compiler Warning on   src/cljs/npuzzle/events.cljs   line:32  column:26  ----[0m

  [1mUse of undeclared Var npuzzle.db/solve[0m

  [36m29[0m  [36m(re-frame/reg-event-db[0m
  [36m30[0m  [36m  ::solve[0m
  [36m31[0m  [36m  (fn [db [_ _]][0m
  [33m32[0m  [1m    (assoc db :solution (db/solve (:puzzle db) (:dim db)))))[0m
  [0m  [0m  [33m                         ^--- Use of undeclared Var npuzzle.db/solve[0m
  [36m33[0m  [36m[0m
  [36m34[0m  [36m(re-frame/reg-event-db[0m
  [36m35[0m  [36m  ::next-step[0m
  [36m36[0m  [36m  (fn [db [_ _]][0m
  [36m37[0m  [36m    (let [num (first (:solution db))][0m

[36m----  Compiler Warning : Please see src/cljs/npuzzle/events.cljs  ----[0m
[31mFailed to compile build :app from ["src/cljs" "src/cljc" "env/dev/cljs"] in 1.012 seconds.[0m
[36m----  Could not Analyze  src/cljs/npuzzle/core.cljs   line:87  column:3  ----[0m

  [1mUnable to resolve var: page in this context at line 87 /Users/duminda/dev/personal/all-puzzles/npuzzle/src/cljs/npuzzle/core.cljs[0m

  [36m85[0m  [36m(defn mount-components [][0m
  [36m86[0m  [36m  (rf/clear-subscription-cache!)[0m
  [33m87[0m  [1m  (r/render [#'page] (.getElementById js/document "app")))[0m
  [0m  [0m  [33m  ^--- Unable to resolve var: page in this context at line 87 /Users/duminda/dev/personal/all-puzzles/npuzzle/src/cljs/npuzzle/core.cljs[0m
  [36m88[0m  [36m[0m
  [36m89[0m  [36m(defn init! [][0m
  [36m90[0m  [36m  (rf/dispatch-sync [:initialize-db])[0m

[36m----  Analysis Error : Please see src/cljs/npuzzle/core.cljs  ----[0m
Compiling build :app to "target/cljsbuild/public/js/app.js" from ["src/cljs" "src/cljc" "env/dev/cljs"]...
[31mFailed to compile build :app from ["src/cljs" "src/cljc" "env/dev/cljs"] in 0.577 seconds.[0m
[36m----  Could not Analyze  src/cljs/npuzzle/db.cljs  ----[0m

  [1mNo such namespace: npuzzle.pmap, could not locate npuzzle/pmap.cljs, npuzzle/pmap.cljc, or JavaScript source providing "npuzzle.pmap" [0m

[36m----  Analysis Error : Please see src/cljs/npuzzle/db.cljs  ----[0m
Compiling build :app to "target/cljsbuild/public/js/app.js" from ["src/cljs" "src/cljc" "env/dev/cljs"]...
[31mFailed to compile build :app from ["src/cljs" "src/cljc" "env/dev/cljs"] in 2.66 seconds.[0m
[36m----  Could not Analyze  src/cljs/npuzzle/db.cljs  ----[0m

  [1mNo such namespace: npuzzle.pmap, could not locate npuzzle/pmap.cljs, npuzzle/pmap.cljc, or JavaScript source providing "npuzzle.pmap" [0m

[36m----  Analysis Error : Please see src/cljs/npuzzle/db.cljs  ----[0m
Compiling build :app to "target/cljsbuild/public/js/app.js" from ["src/cljs" "src/cljc" "env/dev/cljs"]...
[31mFailed to compile build :app from ["src/cljs" "src/cljc" "env/dev/cljs"] in 0.526 seconds.[0m
[36m----  Could not Analyze  src/cljs/npuzzle/db.cljs  ----[0m

  [1mNo such namespace: npuzzle.pmap, could not locate npuzzle/pmap.cljs, npuzzle/pmap.cljc, or JavaScript source providing "npuzzle.pmap" [0m

[36m----  Analysis Error : Please see src/cljs/npuzzle/db.cljs  ----[0m
Compiling build :app to "target/cljsbuild/public/js/app.js" from ["src/cljs" "src/cljc" "env/dev/cljs"]...
[31mFailed to compile build :app from ["src/cljs" "src/cljc" "env/dev/cljs"] in 0.666 seconds.[0m
[36m----  Could not Analyze  src/cljs/npuzzle/db.cljs  ----[0m

  [1mNo such namespace: npuzzle.pmap, could not locate npuzzle/pmap.cljs, npuzzle/pmap.cljc, or JavaScript source providing "npuzzle.pmap" [0m

[36m----  Analysis Error : Please see src/cljs/npuzzle/db.cljs  ----[0m
Compiling build :app to "target/cljsbuild/public/js/app.js" from ["src/cljs" "src/cljc" "env/dev/cljs"]...
[31mFailed to compile build :app from ["src/cljs" "src/cljc" "env/dev/cljs"] in 1.193 seconds.[0m
[36m----  Could not Analyze  src/cljs/npuzzle/db.cljs  ----[0m

  [1mNo such namespace: npuzzle.pmap, could not locate npuzzle/pmap.cljs, npuzzle/pmap.cljc, or JavaScript source providing "npuzzle.pmap" [0m

[36m----  Analysis Error : Please see src/cljs/npuzzle/db.cljs  ----[0m
Compiling build :app to "target/cljsbuild/public/js/app.js" from ["src/cljs" "src/cljc" "env/dev/cljs"]...
[31mFailed to compile build :app from ["src/cljs" "src/cljc" "env/dev/cljs"] in 0.678 seconds.[0m
[36m----  Could not Analyze  src/cljs/npuzzle/db.cljs  ----[0m

  [1mNo such namespace: npuzzle.pmap, could not locate npuzzle/pmap.cljs, npuzzle/pmap.cljc, or JavaScript source providing "npuzzle.pmap" [0m

[36m----  Analysis Error : Please see src/cljs/npuzzle/db.cljs  ----[0m
Compiling build :app to "target/cljsbuild/public/js/app.js" from ["src/cljs" "src/cljc" "env/dev/cljs"]...
[31mFailed to compile build :app from ["src/cljs" "src/cljc" "env/dev/cljs"] in 0.654 seconds.[0m
[36m----  Could not Analyze  src/cljs/npuzzle/db.cljs  ----[0m

  [1mNo such namespace: npuzzle.pmap, could not locate npuzzle/pmap.cljs, npuzzle/pmap.cljc, or JavaScript source providing "npuzzle.pmap" [0m

[36m----  Analysis Error : Please see src/cljs/npuzzle/db.cljs  ----[0m
Compiling build :app to "target/cljsbuild/public/js/app.js" from ["src/cljs" "src/cljc" "env/dev/cljs"]...
[36m----  Compiler Warning on   src/cljs/npuzzle/events.cljs   line:32  column:26  ----[0m

  [1mUse of undeclared Var npuzzle.db/solve[0m

  [36m29[0m  [36m(re-frame/reg-event-db[0m
  [36m30[0m  [36m  ::solve[0m
  [36m31[0m  [36m  (fn [db [_ _]][0m
  [33m32[0m  [1m    (assoc db :solution (db/solve (:puzzle db) (:dim db)))))[0m
  [0m  [0m  [33m                         ^--- Use of undeclared Var npuzzle.db/solve[0m
  [36m33[0m  [36m[0m
  [36m34[0m  [36m(re-frame/reg-event-db[0m
  [36m35[0m  [36m  ::next-step[0m
  [36m36[0m  [36m  (fn [db [_ _]][0m
  [36m37[0m  [36m    (let [num (first (:solution db))][0m

[36m----  Compiler Warning : Please see src/cljs/npuzzle/events.cljs  ----[0m
[32mSuccessfully compiled build :app to "target/cljsbuild/public/js/app.js" in 2.566 seconds.[0m
notifying browser that file changed:  target/cljsbuild/public/js/out/goog/deps.js
notifying browser that file changed:  target/cljsbuild/public/js/out/cljs_deps.js
notifying browser that file changed:  target/cljsbuild/public/js/out/npuzzle/db.js
Compiling build :app to "target/cljsbuild/public/js/app.js" from ["src/cljs" "src/cljc" "env/dev/cljs"]...
[36m----  Compiler Warning on   src/cljs/npuzzle/events.cljs   line:37  column:26  ----[0m

  [1mUse of undeclared Var npuzzle.db/solve[0m

  [36m34[0m  [36m(re-frame/reg-event-db[0m
  [36m35[0m  [36m  ::solve[0m
  [36m36[0m  [36m  (fn [db [_ _]][0m
  [33m37[0m  [1m    (assoc db :solution (db/solve (:puzzle db) (:dim db)))))[0m
  [0m  [0m  [33m                         ^--- Use of undeclared Var npuzzle.db/solve[0m
  [36m38[0m  [36m[0m
  [36m39[0m  [36m(re-frame/reg-event-db[0m
  [36m40[0m  [36m  ::next-step[0m
  [36m41[0m  [36m  (fn [db [_ _]][0m
  [36m42[0m  [36m    (let [num (first (:solution db))][0m

[36m----  Compiler Warning : Please see src/cljs/npuzzle/events.cljs  ----[0m
[32mSuccessfully compiled build :app to "target/cljsbuild/public/js/app.js" in 1.9 seconds.[0m
notifying browser that file changed:  target/cljsbuild/public/js/out/npuzzle/events.js
Compiling build :app to "target/cljsbuild/public/js/app.js" from ["src/cljs" "src/cljc" "env/dev/cljs"]...
[31mFailed to compile build :app from ["src/cljs" "src/cljc" "env/dev/cljs"] in 0.799 seconds.[0m
[36m----  Could not Analyze  src/cljs/npuzzle/core.cljs  ----[0m

  [1mNo such namespace: day8.re-frame.http-fx, could not locate day8/re_frame/http_fx.cljs, day8/re_frame/http_fx.cljc, or JavaScript source providing "day8.re-frame.http-fx" [0m

[36m----  Analysis Error : Please see src/cljs/npuzzle/core.cljs  ----[0m
Compiling build :app to "target/cljsbuild/public/js/app.js" from ["src/cljs" "src/cljc" "env/dev/cljs"]...
[36m----  Compiler Warning on   src/cljs/npuzzle/events.cljs   line:37  column:26  ----[0m

  [1mUse of undeclared Var npuzzle.db/solve[0m

  [36m34[0m  [36m(re-frame/reg-event-db[0m
  [36m35[0m  [36m  ::solve[0m
  [36m36[0m  [36m  (fn [db [_ _]][0m
  [33m37[0m  [1m    (assoc db :solution (db/solve (:puzzle db) (:dim db)))))[0m
  [0m  [0m  [33m                         ^--- Use of undeclared Var npuzzle.db/solve[0m
  [36m38[0m  [36m[0m
  [36m39[0m  [36m(re-frame/reg-event-db[0m
  [36m40[0m  [36m  ::next-step[0m
  [36m41[0m  [36m  (fn [db [_ _]][0m
  [36m42[0m  [36m    (let [num (first (:solution db))][0m

[36m----  Compiler Warning : Please see src/cljs/npuzzle/events.cljs  ----[0m
[36m----  Compiler Warning on   src/cljs/npuzzle/events.cljs   line:52  column:36  ----[0m

  [1mUse of undeclared Var npuzzle.events/data[0m

  [36m48[0m  [36m::solve-puzzle[0m
  [36m49[0m  [36m(fn [_world [_ val]][0m
  [36m50[0m  [36m  {:http-xhrio {:method          :post[0m
  [36m51[0m  [36m                :uri             "https://httpbin.org/post"[0m
  [33m52[0m  [1m                :params          data[0m
  [0m  [0m  [33m                                 ^--- Use of undeclared Var npuzzle.events/data[0m
  [36m53[0m  [36m                :timeout         5000[0m
  [36m54[0m  [36m                :format          (ajax/json-request-format)[0m
  [36m55[0m  [36m                :response-format (ajax/json-response-format {:keywords? true})[0m
  [36m56[0m  [36m                :on-success      [::good-post-result][0m
  [36m57[0m  [36m                :on-failure      [::bad-post-result]}}))[0m

[36m----  Compiler Warning : Please see src/cljs/npuzzle/events.cljs  ----[0m
[36m----  Compiler Warning on   src/cljs/npuzzle/events.cljs   line:54  column:37  ----[0m

  [1mNo such namespace: ajax, could not locate ajax.cljs, ajax.cljc, or JavaScript source providing "ajax"[0m

  [36m50[0m  [36m{:http-xhrio {:method          :post[0m
  [36m51[0m  [36m              :uri             "https://httpbin.org/post"[0m
  [36m52[0m  [36m              :params          data[0m
  [36m53[0m  [36m              :timeout         5000[0m
  [33m54[0m  [1m              :format          (ajax/json-request-format)[0m
  [0m  [0m  [33m                                ^--- No such namespace: ajax, could not locate ajax.cljs, ajax.cljc, or JavaScript source providing "ajax"[0m
  [36m55[0m  [36m              :response-format (ajax/json-response-format {:keywords? true})[0m
  [36m56[0m  [36m              :on-success      [::good-post-result][0m
  [36m57[0m  [36m              :on-failure      [::bad-post-result]}}))[0m

[36m----  Compiler Warning : Please see src/cljs/npuzzle/events.cljs  ----[0m
[36m----  Compiler Warning on   src/cljs/npuzzle/events.cljs   line:54  column:37  ----[0m

  [1mUse of undeclared Var ajax/json-request-format[0m

  [36m50[0m  [36m{:http-xhrio {:method          :post[0m
  [36m51[0m  [36m              :uri             "https://httpbin.org/post"[0m
  [36m52[0m  [36m              :params          data[0m
  [36m53[0m  [36m              :timeout         5000[0m
  [33m54[0m  [1m              :format          (ajax/json-request-format)[0m
  [0m  [0m  [33m                                ^--- Use of undeclared Var ajax/json-request-format[0m
  [36m55[0m  [36m              :response-format (ajax/json-response-format {:keywords? true})[0m
  [36m56[0m  [36m              :on-success      [::good-post-result][0m
  [36m57[0m  [36m              :on-failure      [::bad-post-result]}}))[0m

[36m----  Compiler Warning : Please see src/cljs/npuzzle/events.cljs  ----[0m
[36m----  Compiler Warning on   src/cljs/npuzzle/events.cljs   line:55  column:37  ----[0m

  [1mNo such namespace: ajax, could not locate ajax.cljs, ajax.cljc, or JavaScript source providing "ajax"[0m

  [36m51[0m  [36m:uri             "https://httpbin.org/post"[0m
  [36m52[0m  [36m:params          data[0m
  [36m53[0m  [36m:timeout         5000[0m
  [36m54[0m  [36m:format          (ajax/json-request-format)[0m
  [33m55[0m  [1m:response-format (ajax/json-response-format {:keywords? true})[0m
  [0m  [0m  [33m                  ^--- No such namespace: ajax, could not locate ajax.cljs, ajax.cljc, or JavaScript source providing "ajax"[0m
  [36m56[0m  [36m:on-success      [::good-post-result][0m
  [36m57[0m  [36m:on-failure      [::bad-post-result]}}))[0m

[36m----  Compiler Warning : Please see src/cljs/npuzzle/events.cljs  ----[0m
[36m----  Compiler Warning on   src/cljs/npuzzle/events.cljs   line:55  column:37  ----[0m

  [1mUse of undeclared Var ajax/json-response-format[0m

  [36m51[0m  [36m:uri             "https://httpbin.org/post"[0m
  [36m52[0m  [36m:params          data[0m
  [36m53[0m  [36m:timeout         5000[0m
  [36m54[0m  [36m:format          (ajax/json-request-format)[0m
  [33m55[0m  [1m:response-format (ajax/json-response-format {:keywords? true})[0m
  [0m  [0m  [33m                  ^--- Use of undeclared Var ajax/json-response-format[0m
  [36m56[0m  [36m:on-success      [::good-post-result][0m
  [36m57[0m  [36m:on-failure      [::bad-post-result]}}))[0m

[36m----  Compiler Warning : Please see src/cljs/npuzzle/events.cljs  ----[0m
[31mFailed to compile build :app from ["src/cljs" "src/cljc" "env/dev/cljs"] in 0.983 seconds.[0m
[36m----  Could not Analyze  src/cljs/npuzzle/core.cljs  ----[0m

  [1mNo such namespace: day8.re-frame.http-fx, could not locate day8/re_frame/http_fx.cljs, day8/re_frame/http_fx.cljc, or JavaScript source providing "day8.re-frame.http-fx" [0m

[36m----  Analysis Error : Please see src/cljs/npuzzle/core.cljs  ----[0m
Compiling build :app to "target/cljsbuild/public/js/app.js" from ["src/cljs" "src/cljc" "env/dev/cljs"]...
[36m----  Compiler Warning on   src/cljs/npuzzle/events.cljs   line:37  column:26  ----[0m

  [1mUse of undeclared Var npuzzle.db/solve[0m

  [36m34[0m  [36m(re-frame/reg-event-db[0m
  [36m35[0m  [36m  ::solve[0m
  [36m36[0m  [36m  (fn [db [_ _]][0m
  [33m37[0m  [1m    (assoc db :solution (db/solve (:puzzle db) (:dim db)))))[0m
  [0m  [0m  [33m                         ^--- Use of undeclared Var npuzzle.db/solve[0m
  [36m38[0m  [36m[0m
  [36m39[0m  [36m(re-frame/reg-event-db[0m
  [36m40[0m  [36m  ::next-step[0m
  [36m41[0m  [36m  (fn [db [_ _]][0m
  [36m42[0m  [36m    (let [num (first (:solution db))][0m

[36m----  Compiler Warning : Please see src/cljs/npuzzle/events.cljs  ----[0m
[36m----  Compiler Warning on   src/cljs/npuzzle/events.cljs   line:52  column:36  ----[0m

  [1mUse of undeclared Var npuzzle.events/data[0m

  [36m48[0m  [36m::solve[0m
  [36m49[0m  [36m(fn [_world [_ val]][0m
  [36m50[0m  [36m  {:http-xhrio {:method          :post[0m
  [36m51[0m  [36m                :uri             "https://httpbin.org/post"[0m
  [33m52[0m  [1m                :params          data[0m
  [0m  [0m  [33m                                 ^--- Use of undeclared Var npuzzle.events/data[0m
  [36m53[0m  [36m                :timeout         5000[0m
  [36m54[0m  [36m                :format          (ajax/json-request-format)[0m
  [36m55[0m  [36m                :response-format (ajax/json-response-format {:keywords? true})[0m
  [36m56[0m  [36m                :on-success      [::good-post-result][0m
  [36m57[0m  [36m                :on-failure      [::bad-post-result]}}))[0m

[36m----  Compiler Warning : Please see src/cljs/npuzzle/events.cljs  ----[0m
[36m----  Compiler Warning on   src/cljs/npuzzle/events.cljs   line:54  column:37  ----[0m

  [1mNo such namespace: ajax, could not locate ajax.cljs, ajax.cljc, or JavaScript source providing "ajax"[0m

  [36m50[0m  [36m{:http-xhrio {:method          :post[0m
  [36m51[0m  [36m              :uri             "https://httpbin.org/post"[0m
  [36m52[0m  [36m              :params          data[0m
  [36m53[0m  [36m              :timeout         5000[0m
  [33m54[0m  [1m              :format          (ajax/json-request-format)[0m
  [0m  [0m  [33m                                ^--- No such namespace: ajax, could not locate ajax.cljs, ajax.cljc, or JavaScript source providing "ajax"[0m
  [36m55[0m  [36m              :response-format (ajax/json-response-format {:keywords? true})[0m
  [36m56[0m  [36m              :on-success      [::good-post-result][0m
  [36m57[0m  [36m              :on-failure      [::bad-post-result]}}))[0m

[36m----  Compiler Warning : Please see src/cljs/npuzzle/events.cljs  ----[0m
[36m----  Compiler Warning on   src/cljs/npuzzle/events.cljs   line:54  column:37  ----[0m

  [1mUse of undeclared Var ajax/json-request-format[0m

  [36m50[0m  [36m{:http-xhrio {:method          :post[0m
  [36m51[0m  [36m              :uri             "https://httpbin.org/post"[0m
  [36m52[0m  [36m              :params          data[0m
  [36m53[0m  [36m              :timeout         5000[0m
  [33m54[0m  [1m              :format          (ajax/json-request-format)[0m
  [0m  [0m  [33m                                ^--- Use of undeclared Var ajax/json-request-format[0m
  [36m55[0m  [36m              :response-format (ajax/json-response-format {:keywords? true})[0m
  [36m56[0m  [36m              :on-success      [::good-post-result][0m
  [36m57[0m  [36m              :on-failure      [::bad-post-result]}}))[0m

[36m----  Compiler Warning : Please see src/cljs/npuzzle/events.cljs  ----[0m
[36m----  Compiler Warning on   src/cljs/npuzzle/events.cljs   line:55  column:37  ----[0m

  [1mNo such namespace: ajax, could not locate ajax.cljs, ajax.cljc, or JavaScript source providing "ajax"[0m

  [36m51[0m  [36m:uri             "https://httpbin.org/post"[0m
  [36m52[0m  [36m:params          data[0m
  [36m53[0m  [36m:timeout         5000[0m
  [36m54[0m  [36m:format          (ajax/json-request-format)[0m
  [33m55[0m  [1m:response-format (ajax/json-response-format {:keywords? true})[0m
  [0m  [0m  [33m                  ^--- No such namespace: ajax, could not locate ajax.cljs, ajax.cljc, or JavaScript source providing "ajax"[0m
  [36m56[0m  [36m:on-success      [::good-post-result][0m
  [36m57[0m  [36m:on-failure      [::bad-post-result]}}))[0m

[36m----  Compiler Warning : Please see src/cljs/npuzzle/events.cljs  ----[0m
[36m----  Compiler Warning on   src/cljs/npuzzle/events.cljs   line:55  column:37  ----[0m

  [1mUse of undeclared Var ajax/json-response-format[0m

  [36m51[0m  [36m:uri             "https://httpbin.org/post"[0m
  [36m52[0m  [36m:params          data[0m
  [36m53[0m  [36m:timeout         5000[0m
  [36m54[0m  [36m:format          (ajax/json-request-format)[0m
  [33m55[0m  [1m:response-format (ajax/json-response-format {:keywords? true})[0m
  [0m  [0m  [33m                  ^--- Use of undeclared Var ajax/json-response-format[0m
  [36m56[0m  [36m:on-success      [::good-post-result][0m
  [36m57[0m  [36m:on-failure      [::bad-post-result]}}))[0m

[36m----  Compiler Warning : Please see src/cljs/npuzzle/events.cljs  ----[0m
[31mFailed to compile build :app from ["src/cljs" "src/cljc" "env/dev/cljs"] in 0.89 seconds.[0m
[36m----  Could not Analyze  src/cljs/npuzzle/core.cljs  ----[0m

  [1mNo such namespace: day8.re-frame.http-fx, could not locate day8/re_frame/http_fx.cljs, day8/re_frame/http_fx.cljc, or JavaScript source providing "day8.re-frame.http-fx" [0m

[36m----  Analysis Error : Please see src/cljs/npuzzle/core.cljs  ----[0m
Compiling build :app to "target/cljsbuild/public/js/app.js" from ["src/cljs" "src/cljc" "env/dev/cljs"]...
[36m----  Compiler Warning on   src/cljs/npuzzle/events.cljs   line:37  column:26  ----[0m

  [1mUse of undeclared Var npuzzle.db/solve[0m

  [36m34[0m  [36m(re-frame/reg-event-db[0m
  [36m35[0m  [36m  ::solve[0m
  [36m36[0m  [36m  (fn [db [_ _]][0m
  [33m37[0m  [1m    (assoc db :solution (db/solve (:puzzle db) (:dim db)))))[0m
  [0m  [0m  [33m                         ^--- Use of undeclared Var npuzzle.db/solve[0m
  [36m38[0m  [36m[0m
  [36m39[0m  [36m(re-frame/reg-event-db[0m
  [36m40[0m  [36m  ::next-step[0m
  [36m41[0m  [36m  (fn [db [_ _]][0m
  [36m42[0m  [36m    (let [num (first (:solution db))][0m

[36m----  Compiler Warning : Please see src/cljs/npuzzle/events.cljs  ----[0m
[31mFailed to compile build :app from ["src/cljs" "src/cljc" "env/dev/cljs"] in 0.621 seconds.[0m
[36m----  Could not Analyze  src/cljs/npuzzle/events.cljs   line:49  column:3  ----[0m

  [1mDon't know how to create ISeq from: clojure.lang.Symbol[0m

  [36m47[0m  [36m(re-frame/reg-event-fx[0m
  [36m48[0m  [36m  ::solve[0m
  [33m49[0m  [1m  (fn [{:keys db}][0m
  [0m  [0m  [33m  ^--- Don't know how to create ISeq from: clojure.lang.Symbol[0m
  [36m50[0m  [36m    {:http-xhrio {:method          :post[0m
  [36m51[0m  [36m                  :uri             "https://httpbin.org/post"[0m
  [36m52[0m  [36m                  :params          data[0m

[36m----  Analysis Error : Please see src/cljs/npuzzle/events.cljs  ----[0m
Compiling build :app to "target/cljsbuild/public/js/app.js" from ["src/cljs" "src/cljc" "env/dev/cljs"]...
[36m----  Compiler Warning on   src/cljs/npuzzle/events.cljs   line:37  column:26  ----[0m

  [1mUse of undeclared Var npuzzle.db/solve[0m

  [36m34[0m  [36m(re-frame/reg-event-db[0m
  [36m35[0m  [36m  ::solve[0m
  [36m36[0m  [36m  (fn [db [_ _]][0m
  [33m37[0m  [1m    (assoc db :solution (db/solve (:puzzle db) (:dim db)))))[0m
  [0m  [0m  [33m                         ^--- Use of undeclared Var npuzzle.db/solve[0m
  [36m38[0m  [36m[0m
  [36m39[0m  [36m(re-frame/reg-event-db[0m
  [36m40[0m  [36m  ::next-step[0m
  [36m41[0m  [36m  (fn [db [_ _]][0m
  [36m42[0m  [36m    (let [num (first (:solution db))][0m

[36m----  Compiler Warning : Please see src/cljs/npuzzle/events.cljs  ----[0m
[36m----  Compiler Warning on   src/cljs/npuzzle/events.cljs   line:52  column:36  ----[0m

  [1mUse of undeclared Var npuzzle.events/data[0m

  [36m48[0m  [36m::solve[0m
  [36m49[0m  [36m(fn [{:keys [db]}][0m
  [36m50[0m  [36m  {:http-xhrio {:method          :post[0m
  [36m51[0m  [36m                :uri             "https://httpbin.org/post"[0m
  [33m52[0m  [1m                :params          data[0m
  [0m  [0m  [33m                                 ^--- Use of undeclared Var npuzzle.events/data[0m
  [36m53[0m  [36m                :timeout         5000[0m
  [36m54[0m  [36m                :format          (ajax/json-request-format)[0m
  [36m55[0m  [36m                :response-format (ajax/json-response-format {:keywords? true})[0m
  [36m56[0m  [36m                :on-success      [::good-post-result][0m
  [36m57[0m  [36m                :on-failure      [::bad-post-result]}}))[0m

[36m----  Compiler Warning : Please see src/cljs/npuzzle/events.cljs  ----[0m
[36m----  Compiler Warning on   src/cljs/npuzzle/events.cljs   line:54  column:37  ----[0m

  [1mNo such namespace: ajax, could not locate ajax.cljs, ajax.cljc, or JavaScript source providing "ajax"[0m

  [36m50[0m  [36m{:http-xhrio {:method          :post[0m
  [36m51[0m  [36m              :uri             "https://httpbin.org/post"[0m
  [36m52[0m  [36m              :params          data[0m
  [36m53[0m  [36m              :timeout         5000[0m
  [33m54[0m  [1m              :format          (ajax/json-request-format)[0m
  [0m  [0m  [33m                                ^--- No such namespace: ajax, could not locate ajax.cljs, ajax.cljc, or JavaScript source providing "ajax"[0m
  [36m55[0m  [36m              :response-format (ajax/json-response-format {:keywords? true})[0m
  [36m56[0m  [36m              :on-success      [::good-post-result][0m
  [36m57[0m  [36m              :on-failure      [::bad-post-result]}}))[0m

[36m----  Compiler Warning : Please see src/cljs/npuzzle/events.cljs  ----[0m
[36m----  Compiler Warning on   src/cljs/npuzzle/events.cljs   line:54  column:37  ----[0m

  [1mUse of undeclared Var ajax/json-request-format[0m

  [36m50[0m  [36m{:http-xhrio {:method          :post[0m
  [36m51[0m  [36m              :uri             "https://httpbin.org/post"[0m
  [36m52[0m  [36m              :params          data[0m
  [36m53[0m  [36m              :timeout         5000[0m
  [33m54[0m  [1m              :format          (ajax/json-request-format)[0m
  [0m  [0m  [33m                                ^--- Use of undeclared Var ajax/json-request-format[0m
  [36m55[0m  [36m              :response-format (ajax/json-response-format {:keywords? true})[0m
  [36m56[0m  [36m              :on-success      [::good-post-result][0m
  [36m57[0m  [36m              :on-failure      [::bad-post-result]}}))[0m

[36m----  Compiler Warning : Please see src/cljs/npuzzle/events.cljs  ----[0m
[36m----  Compiler Warning on   src/cljs/npuzzle/events.cljs   line:55  column:37  ----[0m

  [1mNo such namespace: ajax, could not locate ajax.cljs, ajax.cljc, or JavaScript source providing "ajax"[0m

  [36m51[0m  [36m:uri             "https://httpbin.org/post"[0m
  [36m52[0m  [36m:params          data[0m
  [36m53[0m  [36m:timeout         5000[0m
  [36m54[0m  [36m:format          (ajax/json-request-format)[0m
  [33m55[0m  [1m:response-format (ajax/json-response-format {:keywords? true})[0m
  [0m  [0m  [33m                  ^--- No such namespace: ajax, could not locate ajax.cljs, ajax.cljc, or JavaScript source providing "ajax"[0m
  [36m56[0m  [36m:on-success      [::good-post-result][0m
  [36m57[0m  [36m:on-failure      [::bad-post-result]}}))[0m

[36m----  Compiler Warning : Please see src/cljs/npuzzle/events.cljs  ----[0m
[36m----  Compiler Warning on   src/cljs/npuzzle/events.cljs   line:55  column:37  ----[0m

  [1mUse of undeclared Var ajax/json-response-format[0m

  [36m51[0m  [36m:uri             "https://httpbin.org/post"[0m
  [36m52[0m  [36m:params          data[0m
  [36m53[0m  [36m:timeout         5000[0m
  [36m54[0m  [36m:format          (ajax/json-request-format)[0m
  [33m55[0m  [1m:response-format (ajax/json-response-format {:keywords? true})[0m
  [0m  [0m  [33m                  ^--- Use of undeclared Var ajax/json-response-format[0m
  [36m56[0m  [36m:on-success      [::good-post-result][0m
  [36m57[0m  [36m:on-failure      [::bad-post-result]}}))[0m

[36m----  Compiler Warning : Please see src/cljs/npuzzle/events.cljs  ----[0m
[31mFailed to compile build :app from ["src/cljs" "src/cljc" "env/dev/cljs"] in 0.899 seconds.[0m
[36m----  Could not Analyze  src/cljs/npuzzle/core.cljs  ----[0m

  [1mNo such namespace: day8.re-frame.http-fx, could not locate day8/re_frame/http_fx.cljs, day8/re_frame/http_fx.cljc, or JavaScript source providing "day8.re-frame.http-fx" [0m

[36m----  Analysis Error : Please see src/cljs/npuzzle/core.cljs  ----[0m
Compiling build :app to "target/cljsbuild/public/js/app.js" from ["src/cljs" "src/cljc" "env/dev/cljs"]...
[36m----  Compiler Warning on   src/cljs/npuzzle/events.cljs   line:37  column:26  ----[0m

  [1mUse of undeclared Var npuzzle.db/solve[0m

  [36m34[0m  [36m(re-frame/reg-event-db[0m
  [36m35[0m  [36m  ::solve[0m
  [36m36[0m  [36m  (fn [db [_ _]][0m
  [33m37[0m  [1m    (assoc db :solution (db/solve (:puzzle db) (:dim db)))))[0m
  [0m  [0m  [33m                         ^--- Use of undeclared Var npuzzle.db/solve[0m
  [36m38[0m  [36m[0m
  [36m39[0m  [36m(re-frame/reg-event-db[0m
  [36m40[0m  [36m  ::next-step[0m
  [36m41[0m  [36m  (fn [db [_ _]][0m
  [36m42[0m  [36m    (let [num (first (:solution db))][0m

[36m----  Compiler Warning : Please see src/cljs/npuzzle/events.cljs  ----[0m
[36m----  Compiler Warning on   src/cljs/npuzzle/events.cljs   line:52  column:36  ----[0m

  [1mUse of undeclared Var npuzzle.events/data[0m

  [36m48[0m  [36m::solve[0m
  [36m49[0m  [36m(fn [{:keys [db]}][0m
  [36m50[0m  [36m  {:http-xhrio {:method          :post[0m
  [36m51[0m  [36m                :uri             "solve"[0m
  [33m52[0m  [1m                :params          data[0m
  [0m  [0m  [33m                                 ^--- Use of undeclared Var npuzzle.events/data[0m
  [36m53[0m  [36m                :timeout         5000[0m
  [36m54[0m  [36m                :format          (ajax/json-request-format)[0m
  [36m55[0m  [36m                :response-format (ajax/json-response-format {:keywords? true})[0m
  [36m56[0m  [36m                :on-success      [::good-post-result][0m
  [36m57[0m  [36m                :on-failure      [::bad-post-result]}}))[0m

[36m----  Compiler Warning : Please see src/cljs/npuzzle/events.cljs  ----[0m
[36m----  Compiler Warning on   src/cljs/npuzzle/events.cljs   line:54  column:37  ----[0m

  [1mNo such namespace: ajax, could not locate ajax.cljs, ajax.cljc, or JavaScript source providing "ajax"[0m

  [36m50[0m  [36m{:http-xhrio {:method          :post[0m
  [36m51[0m  [36m              :uri             "solve"[0m
  [36m52[0m  [36m              :params          data[0m
  [36m53[0m  [36m              :timeout         5000[0m
  [33m54[0m  [1m              :format          (ajax/json-request-format)[0m
  [0m  [0m  [33m                                ^--- No such namespace: ajax, could not locate ajax.cljs, ajax.cljc, or JavaScript source providing "ajax"[0m
  [36m55[0m  [36m              :response-format (ajax/json-response-format {:keywords? true})[0m
  [36m56[0m  [36m              :on-success      [::good-post-result][0m
  [36m57[0m  [36m              :on-failure      [::bad-post-result]}}))[0m

[36m----  Compiler Warning : Please see src/cljs/npuzzle/events.cljs  ----[0m
[36m----  Compiler Warning on   src/cljs/npuzzle/events.cljs   line:54  column:37  ----[0m

  [1mUse of undeclared Var ajax/json-request-format[0m

  [36m50[0m  [36m{:http-xhrio {:method          :post[0m
  [36m51[0m  [36m              :uri             "solve"[0m
  [36m52[0m  [36m              :params          data[0m
  [36m53[0m  [36m              :timeout         5000[0m
  [33m54[0m  [1m              :format          (ajax/json-request-format)[0m
  [0m  [0m  [33m                                ^--- Use of undeclared Var ajax/json-request-format[0m
  [36m55[0m  [36m              :response-format (ajax/json-response-format {:keywords? true})[0m
  [36m56[0m  [36m              :on-success      [::good-post-result][0m
  [36m57[0m  [36m              :on-failure      [::bad-post-result]}}))[0m

[36m----  Compiler Warning : Please see src/cljs/npuzzle/events.cljs  ----[0m
[36m----  Compiler Warning on   src/cljs/npuzzle/events.cljs   line:55  column:37  ----[0m

  [1mNo such namespace: ajax, could not locate ajax.cljs, ajax.cljc, or JavaScript source providing "ajax"[0m

  [36m51[0m  [36m:uri             "solve"[0m
  [36m52[0m  [36m:params          data[0m
  [36m53[0m  [36m:timeout         5000[0m
  [36m54[0m  [36m:format          (ajax/json-request-format)[0m
  [33m55[0m  [1m:response-format (ajax/json-response-format {:keywords? true})[0m
  [0m  [0m  [33m                  ^--- No such namespace: ajax, could not locate ajax.cljs, ajax.cljc, or JavaScript source providing "ajax"[0m
  [36m56[0m  [36m:on-success      [::good-post-result][0m
  [36m57[0m  [36m:on-failure      [::bad-post-result]}}))[0m

[36m----  Compiler Warning : Please see src/cljs/npuzzle/events.cljs  ----[0m
[36m----  Compiler Warning on   src/cljs/npuzzle/events.cljs   line:55  column:37  ----[0m

  [1mUse of undeclared Var ajax/json-response-format[0m

  [36m51[0m  [36m:uri             "solve"[0m
  [36m52[0m  [36m:params          data[0m
  [36m53[0m  [36m:timeout         5000[0m
  [36m54[0m  [36m:format          (ajax/json-request-format)[0m
  [33m55[0m  [1m:response-format (ajax/json-response-format {:keywords? true})[0m
  [0m  [0m  [33m                  ^--- Use of undeclared Var ajax/json-response-format[0m
  [36m56[0m  [36m:on-success      [::good-post-result][0m
  [36m57[0m  [36m:on-failure      [::bad-post-result]}}))[0m

[36m----  Compiler Warning : Please see src/cljs/npuzzle/events.cljs  ----[0m
[31mFailed to compile build :app from ["src/cljs" "src/cljc" "env/dev/cljs"] in 0.784 seconds.[0m
[36m----  Could not Analyze  src/cljs/npuzzle/core.cljs  ----[0m

  [1mNo such namespace: day8.re-frame.http-fx, could not locate day8/re_frame/http_fx.cljs, day8/re_frame/http_fx.cljc, or JavaScript source providing "day8.re-frame.http-fx" [0m

[36m----  Analysis Error : Please see src/cljs/npuzzle/core.cljs  ----[0m
Compiling build :app to "target/cljsbuild/public/js/app.js" from ["src/cljs" "src/cljc" "env/dev/cljs"]...
[36m----  Compiler Warning on   src/cljs/npuzzle/events.cljs   line:37  column:26  ----[0m

  [1mUse of undeclared Var npuzzle.db/solve[0m

  [36m34[0m  [36m(re-frame/reg-event-db[0m
  [36m35[0m  [36m  ::solve[0m
  [36m36[0m  [36m  (fn [db [_ _]][0m
  [33m37[0m  [1m    (assoc db :solution (db/solve (:puzzle db) (:dim db)))))[0m
  [0m  [0m  [33m                         ^--- Use of undeclared Var npuzzle.db/solve[0m
  [36m38[0m  [36m[0m
  [36m39[0m  [36m(re-frame/reg-event-db[0m
  [36m40[0m  [36m  ::next-step[0m
  [36m41[0m  [36m  (fn [db [_ _]][0m
  [36m42[0m  [36m    (let [num (first (:solution db))][0m

[36m----  Compiler Warning : Please see src/cljs/npuzzle/events.cljs  ----[0m
[36m----  Compiler Warning on   src/cljs/npuzzle/events.cljs   line:54  column:37  ----[0m

  [1mNo such namespace: ajax, could not locate ajax.cljs, ajax.cljc, or JavaScript source providing "ajax"[0m

  [36m50[0m  [36m{:http-xhrio {:method          :post[0m
  [36m51[0m  [36m              :uri             "solve"[0m
  [36m52[0m  [36m              :params          {:puzzle (:puzzle db) :dim (:dim db)}[0m
  [36m53[0m  [36m              :timeout         5000[0m
  [33m54[0m  [1m              :format          (ajax/json-request-format)[0m
  [0m  [0m  [33m                                ^--- No such namespace: ajax, could not locate ajax.cljs, ajax.cljc, or JavaScript source providing "ajax"[0m
  [36m55[0m  [36m              :response-format (ajax/json-response-format {:keywords? true})[0m
  [36m56[0m  [36m              :on-success      [::good-post-result][0m
  [36m57[0m  [36m              :on-failure      [::bad-post-result]}}))[0m

[36m----  Compiler Warning : Please see src/cljs/npuzzle/events.cljs  ----[0m
[36m----  Compiler Warning on   src/cljs/npuzzle/events.cljs   line:54  column:37  ----[0m

  [1mUse of undeclared Var ajax/json-request-format[0m

  [36m50[0m  [36m{:http-xhrio {:method          :post[0m
  [36m51[0m  [36m              :uri             "solve"[0m
  [36m52[0m  [36m              :params          {:puzzle (:puzzle db) :dim (:dim db)}[0m
  [36m53[0m  [36m              :timeout         5000[0m
  [33m54[0m  [1m              :format          (ajax/json-request-format)[0m
  [0m  [0m  [33m                                ^--- Use of undeclared Var ajax/json-request-format[0m
  [36m55[0m  [36m              :response-format (ajax/json-response-format {:keywords? true})[0m
  [36m56[0m  [36m              :on-success      [::good-post-result][0m
  [36m57[0m  [36m              :on-failure      [::bad-post-result]}}))[0m

[36m----  Compiler Warning : Please see src/cljs/npuzzle/events.cljs  ----[0m
[36m----  Compiler Warning on   src/cljs/npuzzle/events.cljs   line:55  column:37  ----[0m

  [1mNo such namespace: ajax, could not locate ajax.cljs, ajax.cljc, or JavaScript source providing "ajax"[0m

  [36m51[0m  [36m:uri             "solve"[0m
  [36m52[0m  [36m:params          {:puzzle (:puzzle db) :dim (:dim db)}[0m
  [36m53[0m  [36m:timeout         5000[0m
  [36m54[0m  [36m:format          (ajax/json-request-format)[0m
  [33m55[0m  [1m:response-format (ajax/json-response-format {:keywords? true})[0m
  [0m  [0m  [33m                  ^--- No such namespace: ajax, could not locate ajax.cljs, ajax.cljc, or JavaScript source providing "ajax"[0m
  [36m56[0m  [36m:on-success      [::good-post-result][0m
  [36m57[0m  [36m:on-failure      [::bad-post-result]}}))[0m

[36m----  Compiler Warning : Please see src/cljs/npuzzle/events.cljs  ----[0m
[36m----  Compiler Warning on   src/cljs/npuzzle/events.cljs   line:55  column:37  ----[0m

  [1mUse of undeclared Var ajax/json-response-format[0m

  [36m51[0m  [36m:uri             "solve"[0m
  [36m52[0m  [36m:params          {:puzzle (:puzzle db) :dim (:dim db)}[0m
  [36m53[0m  [36m:timeout         5000[0m
  [36m54[0m  [36m:format          (ajax/json-request-format)[0m
  [33m55[0m  [1m:response-format (ajax/json-response-format {:keywords? true})[0m
  [0m  [0m  [33m                  ^--- Use of undeclared Var ajax/json-response-format[0m
  [36m56[0m  [36m:on-success      [::good-post-result][0m
  [36m57[0m  [36m:on-failure      [::bad-post-result]}}))[0m

[36m----  Compiler Warning : Please see src/cljs/npuzzle/events.cljs  ----[0m
[31mFailed to compile build :app from ["src/cljs" "src/cljc" "env/dev/cljs"] in 0.788 seconds.[0m
[36m----  Could not Analyze  src/cljs/npuzzle/core.cljs  ----[0m

  [1mNo such namespace: day8.re-frame.http-fx, could not locate day8/re_frame/http_fx.cljs, day8/re_frame/http_fx.cljc, or JavaScript source providing "day8.re-frame.http-fx" [0m

[36m----  Analysis Error : Please see src/cljs/npuzzle/core.cljs  ----[0m
Compiling build :app to "target/cljsbuild/public/js/app.js" from ["src/cljs" "src/cljc" "env/dev/cljs"]...
[36m----  Compiler Warning on   src/cljs/npuzzle/events.cljs   line:37  column:26  ----[0m

  [1mUse of undeclared Var npuzzle.db/solve[0m

  [36m34[0m  [36m(re-frame/reg-event-db[0m
  [36m35[0m  [36m  ::solve[0m
  [36m36[0m  [36m  (fn [db [_ _]][0m
  [33m37[0m  [1m    (assoc db :solution (db/solve (:puzzle db) (:dim db)))))[0m
  [0m  [0m  [33m                         ^--- Use of undeclared Var npuzzle.db/solve[0m
  [36m38[0m  [36m[0m
  [36m39[0m  [36m(re-frame/reg-event-db[0m
  [36m40[0m  [36m  ::next-step[0m
  [36m41[0m  [36m  (fn [db [_ _]][0m
  [36m42[0m  [36m    (let [num (first (:solution db))][0m

[36m----  Compiler Warning : Please see src/cljs/npuzzle/events.cljs  ----[0m
[36m----  Compiler Warning on   src/cljs/npuzzle/events.cljs   line:54  column:37  ----[0m

  [1mNo such namespace: ajax, could not locate ajax.cljs, ajax.cljc, or JavaScript source providing "ajax"[0m

  [36m50[0m  [36m{:http-xhrio {:method          :post[0m
  [36m51[0m  [36m              :uri             "solve"[0m
  [36m52[0m  [36m              :params          {:puzzle (:puzzle db) :dim (:dim db)}[0m
  [36m53[0m  [36m              :timeout         5000[0m
  [33m54[0m  [1m              :format          (ajax/json-request-format)[0m
  [0m  [0m  [33m                                ^--- No such namespace: ajax, could not locate ajax.cljs, ajax.cljc, or JavaScript source providing "ajax"[0m
  [36m55[0m  [36m              :response-format (ajax/json-response-format {:keywords? true})[0m
  [36m56[0m  [36m              :on-success      [::solve-success][0m
  [36m57[0m  [36m              :on-failure      [::solve-failure]}}))[0m

[36m----  Compiler Warning : Please see src/cljs/npuzzle/events.cljs  ----[0m
[36m----  Compiler Warning on   src/cljs/npuzzle/events.cljs   line:54  column:37  ----[0m

  [1mUse of undeclared Var ajax/json-request-format[0m

  [36m50[0m  [36m{:http-xhrio {:method          :post[0m
  [36m51[0m  [36m              :uri             "solve"[0m
  [36m52[0m  [36m              :params          {:puzzle (:puzzle db) :dim (:dim db)}[0m
  [36m53[0m  [36m              :timeout         5000[0m
  [33m54[0m  [1m              :format          (ajax/json-request-format)[0m
  [0m  [0m  [33m                                ^--- Use of undeclared Var ajax/json-request-format[0m
  [36m55[0m  [36m              :response-format (ajax/json-response-format {:keywords? true})[0m
  [36m56[0m  [36m              :on-success      [::solve-success][0m
  [36m57[0m  [36m              :on-failure      [::solve-failure]}}))[0m

[36m----  Compiler Warning : Please see src/cljs/npuzzle/events.cljs  ----[0m
[36m----  Compiler Warning on   src/cljs/npuzzle/events.cljs   line:55  column:37  ----[0m

  [1mNo such namespace: ajax, could not locate ajax.cljs, ajax.cljc, or JavaScript source providing "ajax"[0m

  [36m51[0m  [36m:uri             "solve"[0m
  [36m52[0m  [36m:params          {:puzzle (:puzzle db) :dim (:dim db)}[0m
  [36m53[0m  [36m:timeout         5000[0m
  [36m54[0m  [36m:format          (ajax/json-request-format)[0m
  [33m55[0m  [1m:response-format (ajax/json-response-format {:keywords? true})[0m
  [0m  [0m  [33m                  ^--- No such namespace: ajax, could not locate ajax.cljs, ajax.cljc, or JavaScript source providing "ajax"[0m
  [36m56[0m  [36m:on-success      [::solve-success][0m
  [36m57[0m  [36m:on-failure      [::solve-failure]}}))[0m

[36m----  Compiler Warning : Please see src/cljs/npuzzle/events.cljs  ----[0m
[36m----  Compiler Warning on   src/cljs/npuzzle/events.cljs   line:55  column:37  ----[0m

  [1mUse of undeclared Var ajax/json-response-format[0m

  [36m51[0m  [36m:uri             "solve"[0m
  [36m52[0m  [36m:params          {:puzzle (:puzzle db) :dim (:dim db)}[0m
  [36m53[0m  [36m:timeout         5000[0m
  [36m54[0m  [36m:format          (ajax/json-request-format)[0m
  [33m55[0m  [1m:response-format (ajax/json-response-format {:keywords? true})[0m
  [0m  [0m  [33m                  ^--- Use of undeclared Var ajax/json-response-format[0m
  [36m56[0m  [36m:on-success      [::solve-success][0m
  [36m57[0m  [36m:on-failure      [::solve-failure]}}))[0m

[36m----  Compiler Warning : Please see src/cljs/npuzzle/events.cljs  ----[0m
[31mFailed to compile build :app from ["src/cljs" "src/cljc" "env/dev/cljs"] in 0.831 seconds.[0m
[36m----  Could not Analyze  src/cljs/npuzzle/core.cljs  ----[0m

  [1mNo such namespace: day8.re-frame.http-fx, could not locate day8/re_frame/http_fx.cljs, day8/re_frame/http_fx.cljc, or JavaScript source providing "day8.re-frame.http-fx" [0m

[36m----  Analysis Error : Please see src/cljs/npuzzle/core.cljs  ----[0m
Compiling build :app to "target/cljsbuild/public/js/app.js" from ["src/cljs" "src/cljc" "env/dev/cljs"]...
[36m----  Compiler Warning on   src/cljs/npuzzle/events.cljs   line:37  column:26  ----[0m

  [1mUse of undeclared Var npuzzle.db/solve[0m

  [36m34[0m  [36m(re-frame/reg-event-db[0m
  [36m35[0m  [36m  ::solve[0m
  [36m36[0m  [36m  (fn [db [_ _]][0m
  [33m37[0m  [1m    (assoc db :solution (db/solve (:puzzle db) (:dim db)))))[0m
  [0m  [0m  [33m                         ^--- Use of undeclared Var npuzzle.db/solve[0m
  [36m38[0m  [36m[0m
  [36m39[0m  [36m(re-frame/reg-event-db[0m
  [36m40[0m  [36m  ::next-step[0m
  [36m41[0m  [36m  (fn [db [_ _]][0m
  [36m42[0m  [36m    (let [num (first (:solution db))][0m

[36m----  Compiler Warning : Please see src/cljs/npuzzle/events.cljs  ----[0m
[36m----  Compiler Warning on   src/cljs/npuzzle/events.cljs   line:47  column:1  ----[0m

  [1mWrong number of args (1) passed to re-frame.core/reg-event-db[0m

  [36m43[0m  [36m      (do[0m
  [36m44[0m  [36m        (re-frame/dispatch [::move-piece num])[0m
  [36m45[0m  [36m        (assoc db :solution (rest (:solution db)))))))[0m
  [36m46[0m  [36m[0m
  [33m47[0m  [1m(re-frame/reg-event-db[0m
  [0m  [0m  [33m^--- Wrong number of args (1) passed to re-frame.core/reg-event-db[0m
  [36m48[0m  [36m  ::solve-success)[0m
  [36m49[0m  [36m[0m
  [36m50[0m  [36m(re-frame/reg-event-fx[0m
  [36m51[0m  [36m  ::solve[0m
  [36m52[0m  [36m  (fn [{:keys [db]}][0m

[36m----  Compiler Warning : Please see src/cljs/npuzzle/events.cljs  ----[0m
[36m----  Compiler Warning on   src/cljs/npuzzle/events.cljs   line:57  column:37  ----[0m

  [1mNo such namespace: ajax, could not locate ajax.cljs, ajax.cljc, or JavaScript source providing "ajax"[0m

  [36m53[0m  [36m{:http-xhrio {:method          :post[0m
  [36m54[0m  [36m              :uri             "solve"[0m
  [36m55[0m  [36m              :params          {:puzzle (:puzzle db) :dim (:dim db)}[0m
  [36m56[0m  [36m              :timeout         5000[0m
  [33m57[0m  [1m              :format          (ajax/json-request-format)[0m
  [0m  [0m  [33m                                ^--- No such namespace: ajax, could not locate ajax.cljs, ajax.cljc, or JavaScript source providing "ajax"[0m
  [36m58[0m  [36m              :response-format (ajax/json-response-format {:keywords? true})[0m
  [36m59[0m  [36m              :on-success      [::solve-success][0m
  [36m60[0m  [36m              :on-failure      [::solve-failure]}}))[0m

[36m----  Compiler Warning : Please see src/cljs/npuzzle/events.cljs  ----[0m
[36m----  Compiler Warning on   src/cljs/npuzzle/events.cljs   line:57  column:37  ----[0m

  [1mUse of undeclared Var ajax/json-request-format[0m

  [36m53[0m  [36m{:http-xhrio {:method          :post[0m
  [36m54[0m  [36m              :uri             "solve"[0m
  [36m55[0m  [36m              :params          {:puzzle (:puzzle db) :dim (:dim db)}[0m
  [36m56[0m  [36m              :timeout         5000[0m
  [33m57[0m  [1m              :format          (ajax/json-request-format)[0m
  [0m  [0m  [33m                                ^--- Use of undeclared Var ajax/json-request-format[0m
  [36m58[0m  [36m              :response-format (ajax/json-response-format {:keywords? true})[0m
  [36m59[0m  [36m              :on-success      [::solve-success][0m
  [36m60[0m  [36m              :on-failure      [::solve-failure]}}))[0m

[36m----  Compiler Warning : Please see src/cljs/npuzzle/events.cljs  ----[0m
[36m----  Compiler Warning on   src/cljs/npuzzle/events.cljs   line:58  column:37  ----[0m

  [1mNo such namespace: ajax, could not locate ajax.cljs, ajax.cljc, or JavaScript source providing "ajax"[0m

  [36m54[0m  [36m:uri             "solve"[0m
  [36m55[0m  [36m:params          {:puzzle (:puzzle db) :dim (:dim db)}[0m
  [36m56[0m  [36m:timeout         5000[0m
  [36m57[0m  [36m:format          (ajax/json-request-format)[0m
  [33m58[0m  [1m:response-format (ajax/json-response-format {:keywords? true})[0m
  [0m  [0m  [33m                  ^--- No such namespace: ajax, could not locate ajax.cljs, ajax.cljc, or JavaScript source providing "ajax"[0m
  [36m59[0m  [36m:on-success      [::solve-success][0m
  [36m60[0m  [36m:on-failure      [::solve-failure]}}))[0m

[36m----  Compiler Warning : Please see src/cljs/npuzzle/events.cljs  ----[0m
[36m----  Compiler Warning on   src/cljs/npuzzle/events.cljs   line:58  column:37  ----[0m

  [1mUse of undeclared Var ajax/json-response-format[0m

  [36m54[0m  [36m:uri             "solve"[0m
  [36m55[0m  [36m:params          {:puzzle (:puzzle db) :dim (:dim db)}[0m
  [36m56[0m  [36m:timeout         5000[0m
  [36m57[0m  [36m:format          (ajax/json-request-format)[0m
  [33m58[0m  [1m:response-format (ajax/json-response-format {:keywords? true})[0m
  [0m  [0m  [33m                  ^--- Use of undeclared Var ajax/json-response-format[0m
  [36m59[0m  [36m:on-success      [::solve-success][0m
  [36m60[0m  [36m:on-failure      [::solve-failure]}}))[0m

[36m----  Compiler Warning : Please see src/cljs/npuzzle/events.cljs  ----[0m
[31mFailed to compile build :app from ["src/cljs" "src/cljc" "env/dev/cljs"] in 0.982 seconds.[0m
[36m----  Could not Analyze  src/cljs/npuzzle/core.cljs  ----[0m

  [1mNo such namespace: day8.re-frame.http-fx, could not locate day8/re_frame/http_fx.cljs, day8/re_frame/http_fx.cljc, or JavaScript source providing "day8.re-frame.http-fx" [0m

[36m----  Analysis Error : Please see src/cljs/npuzzle/core.cljs  ----[0m
Compiling build :app to "target/cljsbuild/public/js/app.js" from ["src/cljs" "src/cljc" "env/dev/cljs"]...
[36m----  Compiler Warning on   src/cljs/npuzzle/events.cljs   line:37  column:26  ----[0m

  [1mUse of undeclared Var npuzzle.db/solve[0m

  [36m34[0m  [36m(re-frame/reg-event-db[0m
  [36m35[0m  [36m  ::solve[0m
  [36m36[0m  [36m  (fn [db [_ _]][0m
  [33m37[0m  [1m    (assoc db :solution (db/solve (:puzzle db) (:dim db)))))[0m
  [0m  [0m  [33m                         ^--- Use of undeclared Var npuzzle.db/solve[0m
  [36m38[0m  [36m[0m
  [36m39[0m  [36m(re-frame/reg-event-db[0m
  [36m40[0m  [36m  ::next-step[0m
  [36m41[0m  [36m  (fn [db [_ _]][0m
  [36m42[0m  [36m    (let [num (first (:solution db))][0m

[36m----  Compiler Warning : Please see src/cljs/npuzzle/events.cljs  ----[0m
[36m----  Compiler Warning on   src/cljs/npuzzle/events.cljs   line:59  column:37  ----[0m

  [1mNo such namespace: ajax, could not locate ajax.cljs, ajax.cljc, or JavaScript source providing "ajax"[0m

  [36m55[0m  [36m{:http-xhrio {:method          :post[0m
  [36m56[0m  [36m              :uri             "solve"[0m
  [36m57[0m  [36m              :params          {:puzzle (:puzzle db) :dim (:dim db)}[0m
  [36m58[0m  [36m              :timeout         5000[0m
  [33m59[0m  [1m              :format          (ajax/json-request-format)[0m
  [0m  [0m  [33m                                ^--- No such namespace: ajax, could not locate ajax.cljs, ajax.cljc, or JavaScript source providing "ajax"[0m
  [36m60[0m  [36m              :response-format (ajax/json-response-format {:keywords? true})[0m
  [36m61[0m  [36m              :on-success      [::solve-success][0m
  [36m62[0m  [36m              :on-failure      [::solve-failure]}}))[0m

[36m----  Compiler Warning : Please see src/cljs/npuzzle/events.cljs  ----[0m
[36m----  Compiler Warning on   src/cljs/npuzzle/events.cljs   line:59  column:37  ----[0m

  [1mUse of undeclared Var ajax/json-request-format[0m

  [36m55[0m  [36m{:http-xhrio {:method          :post[0m
  [36m56[0m  [36m              :uri             "solve"[0m
  [36m57[0m  [36m              :params          {:puzzle (:puzzle db) :dim (:dim db)}[0m
  [36m58[0m  [36m              :timeout         5000[0m
  [33m59[0m  [1m              :format          (ajax/json-request-format)[0m
  [0m  [0m  [33m                                ^--- Use of undeclared Var ajax/json-request-format[0m
  [36m60[0m  [36m              :response-format (ajax/json-response-format {:keywords? true})[0m
  [36m61[0m  [36m              :on-success      [::solve-success][0m
  [36m62[0m  [36m              :on-failure      [::solve-failure]}}))[0m

[36m----  Compiler Warning : Please see src/cljs/npuzzle/events.cljs  ----[0m
[36m----  Compiler Warning on   src/cljs/npuzzle/events.cljs   line:60  column:37  ----[0m

  [1mNo such namespace: ajax, could not locate ajax.cljs, ajax.cljc, or JavaScript source providing "ajax"[0m

  [36m56[0m  [36m:uri             "solve"[0m
  [36m57[0m  [36m:params          {:puzzle (:puzzle db) :dim (:dim db)}[0m
  [36m58[0m  [36m:timeout         5000[0m
  [36m59[0m  [36m:format          (ajax/json-request-format)[0m
  [33m60[0m  [1m:response-format (ajax/json-response-format {:keywords? true})[0m
  [0m  [0m  [33m                  ^--- No such namespace: ajax, could not locate ajax.cljs, ajax.cljc, or JavaScript source providing "ajax"[0m
  [36m61[0m  [36m:on-success      [::solve-success][0m
  [36m62[0m  [36m:on-failure      [::solve-failure]}}))[0m

[36m----  Compiler Warning : Please see src/cljs/npuzzle/events.cljs  ----[0m
[36m----  Compiler Warning on   src/cljs/npuzzle/events.cljs   line:60  column:37  ----[0m

  [1mUse of undeclared Var ajax/json-response-format[0m

  [36m56[0m  [36m:uri             "solve"[0m
  [36m57[0m  [36m:params          {:puzzle (:puzzle db) :dim (:dim db)}[0m
  [36m58[0m  [36m:timeout         5000[0m
  [36m59[0m  [36m:format          (ajax/json-request-format)[0m
  [33m60[0m  [1m:response-format (ajax/json-response-format {:keywords? true})[0m
  [0m  [0m  [33m                  ^--- Use of undeclared Var ajax/json-response-format[0m
  [36m61[0m  [36m:on-success      [::solve-success][0m
  [36m62[0m  [36m:on-failure      [::solve-failure]}}))[0m

[36m----  Compiler Warning : Please see src/cljs/npuzzle/events.cljs  ----[0m
[31mFailed to compile build :app from ["src/cljs" "src/cljc" "env/dev/cljs"] in 0.953 seconds.[0m
[36m----  Could not Analyze  src/cljs/npuzzle/core.cljs  ----[0m

  [1mNo such namespace: day8.re-frame.http-fx, could not locate day8/re_frame/http_fx.cljs, day8/re_frame/http_fx.cljc, or JavaScript source providing "day8.re-frame.http-fx" [0m

[36m----  Analysis Error : Please see src/cljs/npuzzle/core.cljs  ----[0m
Compiling build :app to "target/cljsbuild/public/js/app.js" from ["src/cljs" "src/cljc" "env/dev/cljs"]...
[36m----  Compiler Warning on   src/cljs/npuzzle/events.cljs   line:37  column:26  ----[0m

  [1mUse of undeclared Var npuzzle.db/solve[0m

  [36m34[0m  [36m(re-frame/reg-event-db[0m
  [36m35[0m  [36m  ::solve[0m
  [36m36[0m  [36m  (fn [db [_ _]][0m
  [33m37[0m  [1m    (assoc db :solution (db/solve (:puzzle db) (:dim db)))))[0m
  [0m  [0m  [33m                         ^--- Use of undeclared Var npuzzle.db/solve[0m
  [36m38[0m  [36m[0m
  [36m39[0m  [36m(re-frame/reg-event-db[0m
  [36m40[0m  [36m  ::next-step[0m
  [36m41[0m  [36m  (fn [db [_ _]][0m
  [36m42[0m  [36m    (let [num (first (:solution db))][0m

[36m----  Compiler Warning : Please see src/cljs/npuzzle/events.cljs  ----[0m
[36m----  Compiler Warning on   src/cljs/npuzzle/events.cljs   line:64  column:37  ----[0m

  [1mNo such namespace: ajax, could not locate ajax.cljs, ajax.cljc, or JavaScript source providing "ajax"[0m

  [36m60[0m  [36m{:http-xhrio {:method          :post[0m
  [36m61[0m  [36m              :uri             "solve"[0m
  [36m62[0m  [36m              :params          {:puzzle (:puzzle db) :dim (:dim db)}[0m
  [36m63[0m  [36m              :timeout         5000[0m
  [33m64[0m  [1m              :format          (ajax/json-request-format)[0m
  [0m  [0m  [33m                                ^--- No such namespace: ajax, could not locate ajax.cljs, ajax.cljc, or JavaScript source providing "ajax"[0m
  [36m65[0m  [36m              :response-format (ajax/json-response-format {:keywords? true})[0m
  [36m66[0m  [36m              :on-success      [::solve-success][0m
  [36m67[0m  [36m              :on-failure      [::solve-failure]}}))[0m

[36m----  Compiler Warning : Please see src/cljs/npuzzle/events.cljs  ----[0m
[36m----  Compiler Warning on   src/cljs/npuzzle/events.cljs   line:64  column:37  ----[0m

  [1mUse of undeclared Var ajax/json-request-format[0m

  [36m60[0m  [36m{:http-xhrio {:method          :post[0m
  [36m61[0m  [36m              :uri             "solve"[0m
  [36m62[0m  [36m              :params          {:puzzle (:puzzle db) :dim (:dim db)}[0m
  [36m63[0m  [36m              :timeout         5000[0m
  [33m64[0m  [1m              :format          (ajax/json-request-format)[0m
  [0m  [0m  [33m                                ^--- Use of undeclared Var ajax/json-request-format[0m
  [36m65[0m  [36m              :response-format (ajax/json-response-format {:keywords? true})[0m
  [36m66[0m  [36m              :on-success      [::solve-success][0m
  [36m67[0m  [36m              :on-failure      [::solve-failure]}}))[0m

[36m----  Compiler Warning : Please see src/cljs/npuzzle/events.cljs  ----[0m
[36m----  Compiler Warning on   src/cljs/npuzzle/events.cljs   line:65  column:37  ----[0m

  [1mNo such namespace: ajax, could not locate ajax.cljs, ajax.cljc, or JavaScript source providing "ajax"[0m

  [36m61[0m  [36m:uri             "solve"[0m
  [36m62[0m  [36m:params          {:puzzle (:puzzle db) :dim (:dim db)}[0m
  [36m63[0m  [36m:timeout         5000[0m
  [36m64[0m  [36m:format          (ajax/json-request-format)[0m
  [33m65[0m  [1m:response-format (ajax/json-response-format {:keywords? true})[0m
  [0m  [0m  [33m                  ^--- No such namespace: ajax, could not locate ajax.cljs, ajax.cljc, or JavaScript source providing "ajax"[0m
  [36m66[0m  [36m:on-success      [::solve-success][0m
  [36m67[0m  [36m:on-failure      [::solve-failure]}}))[0m

[36m----  Compiler Warning : Please see src/cljs/npuzzle/events.cljs  ----[0m
[36m----  Compiler Warning on   src/cljs/npuzzle/events.cljs   line:65  column:37  ----[0m

  [1mUse of undeclared Var ajax/json-response-format[0m

  [36m61[0m  [36m:uri             "solve"[0m
  [36m62[0m  [36m:params          {:puzzle (:puzzle db) :dim (:dim db)}[0m
  [36m63[0m  [36m:timeout         5000[0m
  [36m64[0m  [36m:format          (ajax/json-request-format)[0m
  [33m65[0m  [1m:response-format (ajax/json-response-format {:keywords? true})[0m
  [0m  [0m  [33m                  ^--- Use of undeclared Var ajax/json-response-format[0m
  [36m66[0m  [36m:on-success      [::solve-success][0m
  [36m67[0m  [36m:on-failure      [::solve-failure]}}))[0m

[36m----  Compiler Warning : Please see src/cljs/npuzzle/events.cljs  ----[0m
[31mFailed to compile build :app from ["src/cljs" "src/cljc" "env/dev/cljs"] in 0.671 seconds.[0m
[36m----  Could not Analyze  src/cljs/npuzzle/core.cljs  ----[0m

  [1mNo such namespace: day8.re-frame.http-fx, could not locate day8/re_frame/http_fx.cljs, day8/re_frame/http_fx.cljc, or JavaScript source providing "day8.re-frame.http-fx" [0m

[36m----  Analysis Error : Please see src/cljs/npuzzle/core.cljs  ----[0m
Compiling build :app to "target/cljsbuild/public/js/app.js" from ["src/cljs" "src/cljc" "env/dev/cljs"]...
[36m----  Compiler Warning on   src/cljs/npuzzle/events.cljs   line:37  column:26  ----[0m

  [1mUse of undeclared Var npuzzle.db/solve[0m

  [36m34[0m  [36m(re-frame/reg-event-db[0m
  [36m35[0m  [36m  ::solve[0m
  [36m36[0m  [36m  (fn [db [_ _]][0m
  [33m37[0m  [1m    (assoc db :solution (db/solve (:puzzle db) (:dim db)))))[0m
  [0m  [0m  [33m                         ^--- Use of undeclared Var npuzzle.db/solve[0m
  [36m38[0m  [36m[0m
  [36m39[0m  [36m(re-frame/reg-event-db[0m
  [36m40[0m  [36m  ::next-step[0m
  [36m41[0m  [36m  (fn [db [_ _]][0m
  [36m42[0m  [36m    (let [num (first (:solution db))][0m

[36m----  Compiler Warning : Please see src/cljs/npuzzle/events.cljs  ----[0m
[36m----  Compiler Warning on   src/cljs/npuzzle/events.cljs   line:64  column:37  ----[0m

  [1mNo such namespace: ajax, could not locate ajax.cljs, ajax.cljc, or JavaScript source providing "ajax"[0m

  [36m60[0m  [36m{:http-xhrio {:method          :post[0m
  [36m61[0m  [36m              :uri             "solve"[0m
  [36m62[0m  [36m              :params          {:puzzle (:puzzle db) :dim (:dim db)}[0m
  [36m63[0m  [36m              :timeout         5000[0m
  [33m64[0m  [1m              :format          (ajax/json-request-format)[0m
  [0m  [0m  [33m                                ^--- No such namespace: ajax, could not locate ajax.cljs, ajax.cljc, or JavaScript source providing "ajax"[0m
  [36m65[0m  [36m              :response-format (ajax/json-response-format {:keywords? true})[0m
  [36m66[0m  [36m              :on-success      [::solve-success][0m
  [36m67[0m  [36m              :on-failure      [::solve-failure]}}))[0m

[36m----  Compiler Warning : Please see src/cljs/npuzzle/events.cljs  ----[0m
[36m----  Compiler Warning on   src/cljs/npuzzle/events.cljs   line:64  column:37  ----[0m

  [1mUse of undeclared Var ajax/json-request-format[0m

  [36m60[0m  [36m{:http-xhrio {:method          :post[0m
  [36m61[0m  [36m              :uri             "solve"[0m
  [36m62[0m  [36m              :params          {:puzzle (:puzzle db) :dim (:dim db)}[0m
  [36m63[0m  [36m              :timeout         5000[0m
  [33m64[0m  [1m              :format          (ajax/json-request-format)[0m
  [0m  [0m  [33m                                ^--- Use of undeclared Var ajax/json-request-format[0m
  [36m65[0m  [36m              :response-format (ajax/json-response-format {:keywords? true})[0m
  [36m66[0m  [36m              :on-success      [::solve-success][0m
  [36m67[0m  [36m              :on-failure      [::solve-failure]}}))[0m

[36m----  Compiler Warning : Please see src/cljs/npuzzle/events.cljs  ----[0m
[36m----  Compiler Warning on   src/cljs/npuzzle/events.cljs   line:65  column:37  ----[0m

  [1mNo such namespace: ajax, could not locate ajax.cljs, ajax.cljc, or JavaScript source providing "ajax"[0m

  [36m61[0m  [36m:uri             "solve"[0m
  [36m62[0m  [36m:params          {:puzzle (:puzzle db) :dim (:dim db)}[0m
  [36m63[0m  [36m:timeout         5000[0m
  [36m64[0m  [36m:format          (ajax/json-request-format)[0m
  [33m65[0m  [1m:response-format (ajax/json-response-format {:keywords? true})[0m
  [0m  [0m  [33m                  ^--- No such namespace: ajax, could not locate ajax.cljs, ajax.cljc, or JavaScript source providing "ajax"[0m
  [36m66[0m  [36m:on-success      [::solve-success][0m
  [36m67[0m  [36m:on-failure      [::solve-failure]}}))[0m

[36m----  Compiler Warning : Please see src/cljs/npuzzle/events.cljs  ----[0m
[36m----  Compiler Warning on   src/cljs/npuzzle/events.cljs   line:65  column:37  ----[0m

  [1mUse of undeclared Var ajax/json-response-format[0m

  [36m61[0m  [36m:uri             "solve"[0m
  [36m62[0m  [36m:params          {:puzzle (:puzzle db) :dim (:dim db)}[0m
  [36m63[0m  [36m:timeout         5000[0m
  [36m64[0m  [36m:format          (ajax/json-request-format)[0m
  [33m65[0m  [1m:response-format (ajax/json-response-format {:keywords? true})[0m
  [0m  [0m  [33m                  ^--- Use of undeclared Var ajax/json-response-format[0m
  [36m66[0m  [36m:on-success      [::solve-success][0m
  [36m67[0m  [36m:on-failure      [::solve-failure]}}))[0m

[36m----  Compiler Warning : Please see src/cljs/npuzzle/events.cljs  ----[0m
[31mFailed to compile build :app from ["src/cljs" "src/cljc" "env/dev/cljs"] in 0.794 seconds.[0m
[36m----  Could not Analyze  src/cljs/npuzzle/core.cljs  ----[0m

  [1mNo such namespace: day8.re-frame.http-fx, could not locate day8/re_frame/http_fx.cljs, day8/re_frame/http_fx.cljc, or JavaScript source providing "day8.re-frame.http-fx" [0m

[36m----  Analysis Error : Please see src/cljs/npuzzle/core.cljs  ----[0m
Compiling build :app to "target/cljsbuild/public/js/app.js" from ["src/cljs" "src/cljc" "env/dev/cljs"]...
[36m----  Compiler Warning on   src/cljs/npuzzle/events.cljs   line:37  column:26  ----[0m

  [1mUse of undeclared Var npuzzle.db/solve[0m

  [36m34[0m  [36m(re-frame/reg-event-db[0m
  [36m35[0m  [36m  ::solve[0m
  [36m36[0m  [36m  (fn [db [_ _]][0m
  [33m37[0m  [1m    (assoc db :solution (db/solve (:puzzle db) (:dim db)))))[0m
  [0m  [0m  [33m                         ^--- Use of undeclared Var npuzzle.db/solve[0m
  [36m38[0m  [36m[0m
  [36m39[0m  [36m(re-frame/reg-event-db[0m
  [36m40[0m  [36m  ::next-step[0m
  [36m41[0m  [36m  (fn [db [_ _]][0m
  [36m42[0m  [36m    (let [num (first (:solution db))][0m

[36m----  Compiler Warning : Please see src/cljs/npuzzle/events.cljs  ----[0m
[36m----  Compiler Warning on   src/cljs/npuzzle/events.cljs   line:64  column:37  ----[0m

  [1mNo such namespace: ajax, could not locate ajax.cljs, ajax.cljc, or JavaScript source providing "ajax"[0m

  [36m60[0m  [36m{:http-xhrio {:method          :post[0m
  [36m61[0m  [36m              :uri             "solve"[0m
  [36m62[0m  [36m              :params          {:puzzle (:puzzle db) :dim (:dim db)}[0m
  [36m63[0m  [36m              :timeout         5000[0m
  [33m64[0m  [1m              :format          (ajax/json-request-format)[0m
  [0m  [0m  [33m                                ^--- No such namespace: ajax, could not locate ajax.cljs, ajax.cljc, or JavaScript source providing "ajax"[0m
  [36m65[0m  [36m              :response-format (ajax/json-response-format {:keywords? true})[0m
  [36m66[0m  [36m              :on-success      [::solve-success][0m
  [36m67[0m  [36m              :on-failure      [::solve-failure]}}))[0m

[36m----  Compiler Warning : Please see src/cljs/npuzzle/events.cljs  ----[0m
[36m----  Compiler Warning on   src/cljs/npuzzle/events.cljs   line:64  column:37  ----[0m

  [1mUse of undeclared Var ajax/json-request-format[0m

  [36m60[0m  [36m{:http-xhrio {:method          :post[0m
  [36m61[0m  [36m              :uri             "solve"[0m
  [36m62[0m  [36m              :params          {:puzzle (:puzzle db) :dim (:dim db)}[0m
  [36m63[0m  [36m              :timeout         5000[0m
  [33m64[0m  [1m              :format          (ajax/json-request-format)[0m
  [0m  [0m  [33m                                ^--- Use of undeclared Var ajax/json-request-format[0m
  [36m65[0m  [36m              :response-format (ajax/json-response-format {:keywords? true})[0m
  [36m66[0m  [36m              :on-success      [::solve-success][0m
  [36m67[0m  [36m              :on-failure      [::solve-failure]}}))[0m

[36m----  Compiler Warning : Please see src/cljs/npuzzle/events.cljs  ----[0m
[36m----  Compiler Warning on   src/cljs/npuzzle/events.cljs   line:65  column:37  ----[0m

  [1mNo such namespace: ajax, could not locate ajax.cljs, ajax.cljc, or JavaScript source providing "ajax"[0m

  [36m61[0m  [36m:uri             "solve"[0m
  [36m62[0m  [36m:params          {:puzzle (:puzzle db) :dim (:dim db)}[0m
  [36m63[0m  [36m:timeout         5000[0m
  [36m64[0m  [36m:format          (ajax/json-request-format)[0m
  [33m65[0m  [1m:response-format (ajax/json-response-format {:keywords? true})[0m
  [0m  [0m  [33m                  ^--- No such namespace: ajax, could not locate ajax.cljs, ajax.cljc, or JavaScript source providing "ajax"[0m
  [36m66[0m  [36m:on-success      [::solve-success][0m
  [36m67[0m  [36m:on-failure      [::solve-failure]}}))[0m

[36m----  Compiler Warning : Please see src/cljs/npuzzle/events.cljs  ----[0m
[36m----  Compiler Warning on   src/cljs/npuzzle/events.cljs   line:65  column:37  ----[0m

  [1mUse of undeclared Var ajax/json-response-format[0m

  [36m61[0m  [36m:uri             "solve"[0m
  [36m62[0m  [36m:params          {:puzzle (:puzzle db) :dim (:dim db)}[0m
  [36m63[0m  [36m:timeout         5000[0m
  [36m64[0m  [36m:format          (ajax/json-request-format)[0m
  [33m65[0m  [1m:response-format (ajax/json-response-format {:keywords? true})[0m
  [0m  [0m  [33m                  ^--- Use of undeclared Var ajax/json-response-format[0m
  [36m66[0m  [36m:on-success      [::solve-success][0m
  [36m67[0m  [36m:on-failure      [::solve-failure]}}))[0m

[36m----  Compiler Warning : Please see src/cljs/npuzzle/events.cljs  ----[0m
[31mFailed to compile build :app from ["src/cljs" "src/cljc" "env/dev/cljs"] in 0.816 seconds.[0m
[36m----  Could not Analyze  src/cljs/npuzzle/core.cljs  ----[0m

  [1mNo such namespace: day8.re-frame.http-fx, could not locate day8/re_frame/http_fx.cljs, day8/re_frame/http_fx.cljc, or JavaScript source providing "day8.re-frame.http-fx" [0m

[36m----  Analysis Error : Please see src/cljs/npuzzle/core.cljs  ----[0m
Compiling build :app to "target/cljsbuild/public/js/app.js" from ["src/cljs" "src/cljc" "env/dev/cljs"]...
[36m----  Compiler Warning on   src/cljs/npuzzle/events.cljs   line:38  column:26  ----[0m

  [1mUse of undeclared Var npuzzle.db/solve[0m

  [36m35[0m  [36m(re-frame/reg-event-db[0m
  [36m36[0m  [36m  ::solve[0m
  [36m37[0m  [36m  (fn [db [_ _]][0m
  [33m38[0m  [1m    (assoc db :solution (db/solve (:puzzle db) (:dim db)))))[0m
  [0m  [0m  [33m                         ^--- Use of undeclared Var npuzzle.db/solve[0m
  [36m39[0m  [36m[0m
  [36m40[0m  [36m(re-frame/reg-event-db[0m
  [36m41[0m  [36m  ::next-step[0m
  [36m42[0m  [36m  (fn [db [_ _]][0m
  [36m43[0m  [36m    (let [num (first (:solution db))][0m

[36m----  Compiler Warning : Please see src/cljs/npuzzle/events.cljs  ----[0m
[31mFailed to compile build :app from ["src/cljs" "src/cljc" "env/dev/cljs"] in 1.068 seconds.[0m
[36m----  Could not Analyze  src/cljs/npuzzle/core.cljs  ----[0m

  [1mNo such namespace: day8.re-frame.http-fx, could not locate day8/re_frame/http_fx.cljs, day8/re_frame/http_fx.cljc, or JavaScript source providing "day8.re-frame.http-fx" [0m

[36m----  Analysis Error : Please see src/cljs/npuzzle/core.cljs  ----[0m
Compiling build :app to "target/cljsbuild/public/js/app.js" from ["src/cljs" "src/cljc" "env/dev/cljs"]...
[32mSuccessfully compiled build :app to "target/cljsbuild/public/js/app.js" in 1.645 seconds.[0m
notifying browser that file changed:  target/cljsbuild/public/js/out/cljs_deps.js
notifying browser that file changed:  target/cljsbuild/public/js/out/npuzzle/core.js
Compiling build :app to "target/cljsbuild/public/js/app.js" from ["src/cljs" "src/cljc" "env/dev/cljs"]...
[32mSuccessfully compiled build :app to "target/cljsbuild/public/js/app.js" in 1.736 seconds.[0m
notifying browser that file changed:  target/cljsbuild/public/js/out/npuzzle/core.js
Compiling build :app to "target/cljsbuild/public/js/app.js" from ["src/cljs" "src/cljc" "env/dev/cljs"]...
[32mSuccessfully compiled build :app to "target/cljsbuild/public/js/app.js" in 2.308 seconds.[0m
notifying browser that file changed:  target/cljsbuild/public/js/out/npuzzle/core.js
Compiling build :app to "target/cljsbuild/public/js/app.js" from ["src/cljs" "src/cljc" "env/dev/cljs"]...
[32mSuccessfully compiled build :app to "target/cljsbuild/public/js/app.js" in 1.729 seconds.[0m
notifying browser that file changed:  target/cljsbuild/public/js/out/npuzzle/core.js
Compiling build :app to "target/cljsbuild/public/js/app.js" from ["src/cljs" "src/cljc" "env/dev/cljs"]...
[32mSuccessfully compiled build :app to "target/cljsbuild/public/js/app.js" in 1.558 seconds.[0m
notifying browser that file changed:  target/cljsbuild/public/js/out/npuzzle/core.js
Compiling build :app to "target/cljsbuild/public/js/app.js" from ["src/cljs" "src/cljc" "env/dev/cljs"]...
[31mFailed to compile build :app from ["src/cljs" "src/cljc" "env/dev/cljs"] in 0.13 seconds.[0m
[36m----  Could not Analyze  src/cljs/npuzzle/core.cljs   line:1  column:1  ----[0m

  [1m:as alias must be unique; offending spec: [npuzzle.events :as events] at line 1 src/cljs/npuzzle/core.cljs[0m

  [33m1[0m  [1m(ns npuzzle.core[0m
  [0m [0m  [33m^--- :as alias must be unique; offending spec: [npuzzle.events :as events] at line 1 src/cljs/npuzzle/core.cljs[0m
  [36m2[0m  [36m  (:require [reagent.core :as r][0m
  [36m3[0m  [36m            [re-frame.core :as rf][0m
  [36m4[0m  [36m            [secretary.core :as secretary][0m

[36m----  Analysis Error : Please see src/cljs/npuzzle/core.cljs  ----[0m
Compiling build :app to "target/cljsbuild/public/js/app.js" from ["src/cljs" "src/cljc" "env/dev/cljs"]...
[31mFailed to compile build :app from ["src/cljs" "src/cljc" "env/dev/cljs"] in 0.101 seconds.[0m
[36m----  Could not Analyze  src/cljs/npuzzle/core.cljs   line:1  column:1  ----[0m

  [1m:as alias must be unique; offending spec: [npuzzle.events :as events] at line 1 src/cljs/npuzzle/core.cljs[0m

  [33m1[0m  [1m(ns npuzzle.core[0m
  [0m [0m  [33m^--- :as alias must be unique; offending spec: [npuzzle.events :as events] at line 1 src/cljs/npuzzle/core.cljs[0m
  [36m2[0m  [36m  (:require [reagent.core :as r][0m
  [36m3[0m  [36m            [re-frame.core :as rf][0m
  [36m4[0m  [36m            [secretary.core :as secretary][0m

[36m----  Analysis Error : Please see src/cljs/npuzzle/core.cljs  ----[0m
Compiling build :app to "target/cljsbuild/public/js/app.js" from ["src/cljs" "src/cljc" "env/dev/cljs"]...
[31mFailed to compile build :app from ["src/cljs" "src/cljc" "env/dev/cljs"] in 0.095 seconds.[0m
[36m----  Could not Analyze  src/cljs/npuzzle/core.cljs   line:1  column:1  ----[0m

  [1m:as alias must be unique; offending spec: [npuzzle.events :as events] at line 1 src/cljs/npuzzle/core.cljs[0m

  [33m1[0m  [1m(ns npuzzle.core[0m
  [0m [0m  [33m^--- :as alias must be unique; offending spec: [npuzzle.events :as events] at line 1 src/cljs/npuzzle/core.cljs[0m
  [36m2[0m  [36m  (:require [reagent.core :as r][0m
  [36m3[0m  [36m            [re-frame.core :as rf][0m
  [36m4[0m  [36m            [secretary.core :as secretary][0m

[36m----  Analysis Error : Please see src/cljs/npuzzle/core.cljs  ----[0m
Compiling build :app to "target/cljsbuild/public/js/app.js" from ["src/cljs" "src/cljc" "env/dev/cljs"]...
[32mSuccessfully compiled build :app to "target/cljsbuild/public/js/app.js" in 2.731 seconds.[0m
notifying browser that file changed:  target/cljsbuild/public/js/out/npuzzle/core.js
Compiling build :app to "target/cljsbuild/public/js/app.js" from ["src/cljs" "src/cljc" "env/dev/cljs"]...
[32mSuccessfully compiled build :app to "target/cljsbuild/public/js/app.js" in 1.872 seconds.[0m
notifying browser that file changed:  target/cljsbuild/public/js/out/npuzzle/core.js
Notifying browser that CSS file changed: resources/public/css/screen.css
Notifying browser that CSS file changed: resources/public/css/screen.css
Compiling build :app to "target/cljsbuild/public/js/app.js" from ["src/cljs" "src/cljc" "env/dev/cljs"]...
[31mFailed to compile build :app from ["src/cljs" "src/cljc" "env/dev/cljs"] in 1.207 seconds.[0m
[36m----  Could not Analyze  src/cljs/npuzzle/events.cljs  ----[0m

  [1mNo such namespace: day8.re-frame.http-fx, could not locate day8/re_frame/http_fx.cljs, day8/re_frame/http_fx.cljc, or JavaScript source providing "day8.re-frame.http-fx" [0m

[36m----  Analysis Error : Please see src/cljs/npuzzle/events.cljs  ----[0m
Compiling build :app to "target/cljsbuild/public/js/app.js" from ["src/cljs" "src/cljc" "env/dev/cljs"]...
[31mFailed to compile build :app from ["src/cljs" "src/cljc" "env/dev/cljs"] in 1.187 seconds.[0m
[36m----  Could not Analyze  src/cljs/npuzzle/events.cljs  ----[0m

  [1mNo such namespace: day8.re-frame.http-fx, could not locate day8/re_frame/http_fx.cljs, day8/re_frame/http_fx.cljc, or JavaScript source providing "day8.re-frame.http-fx" [0m

[36m----  Analysis Error : Please see src/cljs/npuzzle/events.cljs  ----[0m
Compiling build :app to "target/cljsbuild/public/js/app.js" from ["src/cljs" "src/cljc" "env/dev/cljs"]...
[31mFailed to compile build :app from ["src/cljs" "src/cljc" "env/dev/cljs"] in 0.828 seconds.[0m
[36m----  Could not Analyze  src/cljs/npuzzle/events.cljs  ----[0m

  [1mNo such namespace: day8.re-frame.http-fx, could not locate day8/re_frame/http_fx.cljs, day8/re_frame/http_fx.cljc, or JavaScript source providing "day8.re-frame.http-fx" [0m

[36m----  Analysis Error : Please see src/cljs/npuzzle/events.cljs  ----[0m
Compiling build :app to "target/cljsbuild/public/js/app.js" from ["src/cljs" "src/cljc" "env/dev/cljs"]...
[31mFailed to compile build :app from ["src/cljs" "src/cljc" "env/dev/cljs"] in 1.871 seconds.[0m
[36m----  Could not Analyze  src/cljs/npuzzle/events.cljs  ----[0m

  [1mNo such namespace: day8.re-frame.http-fx, could not locate day8/re_frame/http_fx.cljs, day8/re_frame/http_fx.cljc, or JavaScript source providing "day8.re-frame.http-fx" [0m

[36m----  Analysis Error : Please see src/cljs/npuzzle/events.cljs  ----[0m
Compiling build :app to "target/cljsbuild/public/js/app.js" from ["src/cljs" "src/cljc" "env/dev/cljs"]...
[32mSuccessfully compiled build :app to "target/cljsbuild/public/js/app.js" in 2.7 seconds.[0m
notifying browser that file changed:  target/cljsbuild/public/js/out/goog/deps.js
notifying browser that file changed:  target/cljsbuild/public/js/out/cljs_deps.js
notifying browser that file changed:  target/cljsbuild/public/js/out/npuzzle/events.js
Compiling build :app to "target/cljsbuild/public/js/app.js" from ["src/cljs" "src/cljc" "env/dev/cljs"]...
[32mSuccessfully compiled build :app to "target/cljsbuild/public/js/app.js" in 2.157 seconds.[0m
notifying browser that file changed:  target/cljsbuild/public/js/out/npuzzle/events.js
Compiling build :app to "target/cljsbuild/public/js/app.js" from ["src/cljs" "src/cljc" "env/dev/cljs"]...
[32mSuccessfully compiled build :app to "target/cljsbuild/public/js/app.js" in 1.981 seconds.[0m
notifying browser that file changed:  target/cljsbuild/public/js/out/npuzzle/events.js
Compiling build :app to "target/cljsbuild/public/js/app.js" from ["src/cljs" "src/cljc" "env/dev/cljs"]...
[32mSuccessfully compiled build :app to "target/cljsbuild/public/js/app.js" in 4.14 seconds.[0m
notifying browser that file changed:  target/cljsbuild/public/js/out/npuzzle/events.js
Notifying browser that CSS file changed: resources/public/css/screen.css
Notifying browser that CSS file changed: resources/public/css/screen.css
